<?xml version="1.0" encoding="UTF-8"?>
<testng-results ignored="0" total="1" passed="1" failed="0" skipped="0">
  <reporter-output>
  </reporter-output>
  <suite started-at="2022-05-16T18:50:05 CDT" name="Default suite" finished-at="2022-05-16T18:50:22 CDT" duration-ms="17422">
    <groups>
    </groups>
    <test started-at="2022-05-16T18:50:05 CDT" name="Default test" finished-at="2022-05-16T18:50:22 CDT" duration-ms="17422">
      <class name="Website">
        <test-method signature="LetsGOOO()[pri:0, instance:Website@5f683daf]" started-at="2022-05-16T18:50:05 CDT" name="LetsGOOO" finished-at="2022-05-16T18:50:22 CDT" duration-ms="17355" status="PASS">
          <reporter-output>
          </reporter-output>
        </test-method> <!-- LetsGOOO -->
      </class> <!-- Website -->
    </test> <!-- Default test -->
  </suite> <!-- Default suite -->
</testng-results>
